<?xml version="1.0" encoding="UTF-8"?>
<testng-results ignored="0" total="11" passed="10" failed="1" skipped="0">
  <reporter-output>
  </reporter-output>
  <suite started-at="2022-09-20T11:40:48 IST" name="Suite" finished-at="2022-09-20T11:41:53 IST" duration-ms="65022">
    <groups>
    </groups>
    <test started-at="2022-09-20T11:40:48 IST" name="Test" finished-at="2022-09-20T11:41:53 IST" duration-ms="65022">
      <class name="auto.Logintest">
        <test-method signature="register()[pri:0, instance:auto.Logintest@1da2cb77]" started-at="2022-09-20T11:40:56 IST" name="register" finished-at="2022-09-20T11:40:59 IST" duration-ms="3275" status="PASS">
          <reporter-output>
          </reporter-output>
        </test-method> <!-- register -->
      </class> <!-- auto.Logintest -->
      <class name="auto.Registration">
        <test-method signature="setup(java.lang.String,java.lang.String,java.lang.String,java.lang.String,java.lang.String,java.lang.String,java.lang.String)[pri:0, instance:auto.Registration@2f217633]" started-at="2022-09-20T11:41:10 IST" name="setup" data-provider="getData" finished-at="2022-09-20T11:41:17 IST" duration-ms="7270" status="PASS">
          <params>
            <param index="0">
              <value>
                <![CDATA[Bhava]]>
              </value>
            </param>
            <param index="1">
              <value>
                <![CDATA[dharani]]>
              </value>
            </param>
            <param index="2">
              <value>
                <![CDATA[bhava123@gmail.com]]>
              </value>
            </param>
            <param index="3">
              <value>
                <![CDATA[q1w2e3]]>
              </value>
            </param>
            <param index="4">
              <value>
                <![CDATA[05/27/2000]]>
              </value>
            </param>
            <param index="5">
              <value>
                <![CDATA[9898989898]]>
              </value>
            </param>
            <param index="6">
              <value>
                <![CDATA[My hobbies are playing games]]>
              </value>
            </param>
          </params>
          <reporter-output>
          </reporter-output>
        </test-method> <!-- setup -->
        <test-method signature="setup(java.lang.String,java.lang.String,java.lang.String,java.lang.String,java.lang.String,java.lang.String,java.lang.String)[pri:0, instance:auto.Registration@2f217633]" started-at="2022-09-20T11:41:17 IST" name="setup" data-provider="getData" finished-at="2022-09-20T11:41:26 IST" duration-ms="8845" status="PASS">
          <params>
            <param index="0">
              <value>
                <![CDATA[bh]]>
              </value>
            </param>
            <param index="1">
              <value>
                <![CDATA[dh]]>
              </value>
            </param>
            <param index="2">
              <value>
                <![CDATA[BHAVA@gmail.com]]>
              </value>
            </param>
            <param index="3">
              <value>
                <![CDATA[q1w2e31Q2W3E4R5T6Y7U8I77UYT65RT]]>
              </value>
            </param>
            <param index="4">
              <value>
                <![CDATA[]]>
              </value>
            </param>
            <param index="5">
              <value>
                <![CDATA[98989898989898989]]>
              </value>
            </param>
            <param index="6">
              <value>
                <![CDATA[My hobbies are playing games]]>
              </value>
            </param>
          </params>
          <reporter-output>
          </reporter-output>
        </test-method> <!-- setup -->
        <test-method signature="setup(java.lang.String,java.lang.String,java.lang.String,java.lang.String,java.lang.String,java.lang.String,java.lang.String)[pri:0, instance:auto.Registration@2f217633]" started-at="2022-09-20T11:41:26 IST" name="setup" data-provider="getData" finished-at="2022-09-20T11:41:32 IST" duration-ms="6472" status="PASS">
          <params>
            <param index="0">
              <value>
                <![CDATA[1224]]>
              </value>
            </param>
            <param index="1">
              <value>
                <![CDATA[1q2w3e4r]]>
              </value>
            </param>
            <param index="2">
              <value>
                <![CDATA[1q2w@gmail.com]]>
              </value>
            </param>
            <param index="3">
              <value>
                <![CDATA[q1w2e31]]>
              </value>
            </param>
            <param index="4">
              <value>
                <![CDATA[05/27/2000]]>
              </value>
            </param>
            <param index="5">
              <value>
                <![CDATA[9898989]]>
              </value>
            </param>
            <param index="6">
              <value>
                <![CDATA[My hobbies are playing games]]>
              </value>
            </param>
          </params>
          <reporter-output>
          </reporter-output>
        </test-method> <!-- setup -->
      </class> <!-- auto.Registration -->
      <class name="auto.Login">
        <test-method signature="setup(java.lang.String,java.lang.String)[pri:0, instance:auto.Login@a530d0a]" started-at="2022-09-20T11:41:32 IST" name="setup" data-provider="getData" finished-at="2022-09-20T11:41:37 IST" duration-ms="4981" status="PASS">
          <params>
            <param index="0">
              <value>
                <![CDATA[Bhava]]>
              </value>
            </param>
            <param index="1">
              <value>
                <![CDATA[1q2w3e]]>
              </value>
            </param>
          </params>
          <reporter-output>
          </reporter-output>
        </test-method> <!-- setup -->
        <test-method signature="setup(java.lang.String,java.lang.String)[pri:0, instance:auto.Login@a530d0a]" started-at="2022-09-20T11:41:37 IST" name="setup" data-provider="getData" finished-at="2022-09-20T11:41:42 IST" duration-ms="4963" status="PASS">
          <params>
            <param index="0">
              <value>
                <![CDATA[!@#$%^]]>
              </value>
            </param>
            <param index="1">
              <value>
                <![CDATA[1q2w3e34r5t6y7u8i9i]]>
              </value>
            </param>
          </params>
          <reporter-output>
          </reporter-output>
        </test-method> <!-- setup -->
        <test-method signature="setup(java.lang.String,java.lang.String)[pri:0, instance:auto.Login@a530d0a]" started-at="2022-09-20T11:41:42 IST" name="setup" data-provider="getData" finished-at="2022-09-20T11:41:48 IST" duration-ms="5469" status="PASS">
          <params>
            <param index="0">
              <value>
                <![CDATA[]]>
              </value>
            </param>
            <param index="1">
              <value>
                <![CDATA[]]>
              </value>
            </param>
          </params>
          <reporter-output>
          </reporter-output>
        </test-method> <!-- setup -->
      </class> <!-- auto.Login -->
      <class name="auto.Mobilestest">
        <test-method signature="register()[pri:0, instance:auto.Mobilestest@1a18644]" started-at="2022-09-20T11:41:48 IST" name="register" finished-at="2022-09-20T11:41:53 IST" duration-ms="5500" status="PASS">
          <reporter-output>
          </reporter-output>
        </test-method> <!-- register -->
      </class> <!-- auto.Mobilestest -->
      <class name="auto.Registrationtest">
        <test-method signature="register()[pri:0, instance:auto.Registrationtest@4efc180e]" started-at="2022-09-20T11:40:48 IST" name="register" finished-at="2022-09-20T11:40:56 IST" duration-ms="7409" status="PASS">
          <reporter-output>
          </reporter-output>
        </test-method> <!-- register -->
      </class> <!-- auto.Registrationtest -->
      <class name="auto.Mobiles">
        <test-method signature="setup(java.lang.String)[pri:0, instance:auto.Mobiles@48f278eb]" started-at="2022-09-20T11:40:59 IST" name="setup" data-provider="getData" finished-at="2022-09-20T11:41:04 IST" duration-ms="5228" status="PASS">
          <params>
            <param index="0">
              <value>
                <![CDATA[samsung]]>
              </value>
            </param>
          </params>
          <reporter-output>
          </reporter-output>
        </test-method> <!-- setup -->
        <test-method signature="setup(java.lang.String)[pri:0, instance:auto.Mobiles@48f278eb]" started-at="2022-09-20T11:41:04 IST" name="setup" data-provider="getData" finished-at="2022-09-20T11:41:10 IST" duration-ms="5537" status="FAIL">
          <params>
            <param index="0">
              <value>
                <![CDATA[samsung 20 pixel with dual camera ]]>
              </value>
            </param>
          </params>
          <exception class="org.openqa.selenium.ElementNotInteractableException">
            <message>
              <![CDATA[element not interactable
  (Session info: chrome=105.0.5195.127)
Build info: version: '4.4.0', revision: 'e5c75ed026a'
System info: host: 'QT-INBG-LT0746', ip: '10.20.15.57', os.name: 'Windows 10', os.arch: 'amd64', os.version: '10.0', java.version: '17.0.4'
Driver info: org.openqa.selenium.chrome.ChromeDriver
Command: [53eddd956ddacfb2c05941debd22406b, clickElement {id=38aa3bb0-a0ef-48ee-94a8-88daa16ebb8a}]
Capabilities {acceptInsecureCerts: false, browserName: chrome, browserVersion: 105.0.5195.127, chrome: {chromedriverVersion: 104.0.5112.79 (3cf3e8c8a07d..., userDataDir: C:\Users\BHAVAD~1.P\AppData...}, goog:chromeOptions: {debuggerAddress: localhost:59065}, networkConnectionEnabled: false, pageLoadStrategy: normal, platformName: WINDOWS, proxy: Proxy(), se:cdp: ws://localhost:59065/devtoo..., se:cdpVersion: 105.0.5195.127, setWindowRect: true, strictFileInteractability: false, timeouts: {implicit: 0, pageLoad: 300000, script: 30000}, unhandledPromptBehavior: dismiss and notify, webauthn:extension:credBlob: true, webauthn:extension:largeBlob: true, webauthn:virtualAuthenticators: true}
Element: [[ChromeDriver: chrome on WINDOWS (53eddd956ddacfb2c05941debd22406b)] -> xpath: //table/tbody/tr[1]/td[5]/a]
Session ID: 53eddd956ddacfb2c05941debd22406b]]>
            </message>
            <full-stacktrace>
              <![CDATA[org.openqa.selenium.ElementNotInteractableException: element not interactable
  (Session info: chrome=105.0.5195.127)
Build info: version: '4.4.0', revision: 'e5c75ed026a'
System info: host: 'QT-INBG-LT0746', ip: '10.20.15.57', os.name: 'Windows 10', os.arch: 'amd64', os.version: '10.0', java.version: '17.0.4'
Driver info: org.openqa.selenium.chrome.ChromeDriver
Command: [53eddd956ddacfb2c05941debd22406b, clickElement {id=38aa3bb0-a0ef-48ee-94a8-88daa16ebb8a}]
Capabilities {acceptInsecureCerts: false, browserName: chrome, browserVersion: 105.0.5195.127, chrome: {chromedriverVersion: 104.0.5112.79 (3cf3e8c8a07d..., userDataDir: C:\Users\BHAVAD~1.P\AppData...}, goog:chromeOptions: {debuggerAddress: localhost:59065}, networkConnectionEnabled: false, pageLoadStrategy: normal, platformName: WINDOWS, proxy: Proxy(), se:cdp: ws://localhost:59065/devtoo..., se:cdpVersion: 105.0.5195.127, setWindowRect: true, strictFileInteractability: false, timeouts: {implicit: 0, pageLoad: 300000, script: 30000}, unhandledPromptBehavior: dismiss and notify, webauthn:extension:credBlob: true, webauthn:extension:largeBlob: true, webauthn:virtualAuthenticators: true}
Element: [[ChromeDriver: chrome on WINDOWS (53eddd956ddacfb2c05941debd22406b)] -> xpath: //table/tbody/tr[1]/td[5]/a]
Session ID: 53eddd956ddacfb2c05941debd22406b
at java.base/jdk.internal.reflect.NativeConstructorAccessorImpl.newInstance0(Native Method)
at java.base/jdk.internal.reflect.NativeConstructorAccessorImpl.newInstance(NativeConstructorAccessorImpl.java:77)
at java.base/jdk.internal.reflect.DelegatingConstructorAccessorImpl.newInstance(DelegatingConstructorAccessorImpl.java:45)
at java.base/java.lang.reflect.Constructor.newInstanceWithCaller(Constructor.java:499)
at java.base/java.lang.reflect.Constructor.newInstance(Constructor.java:480)
at org.openqa.selenium.remote.codec.w3c.W3CHttpResponseCodec.createException(W3CHttpResponseCodec.java:200)
at org.openqa.selenium.remote.codec.w3c.W3CHttpResponseCodec.decode(W3CHttpResponseCodec.java:133)
at org.openqa.selenium.remote.codec.w3c.W3CHttpResponseCodec.decode(W3CHttpResponseCodec.java:53)
at org.openqa.selenium.remote.HttpCommandExecutor.execute(HttpCommandExecutor.java:184)
at org.openqa.selenium.remote.service.DriverCommandExecutor.invokeExecute(DriverCommandExecutor.java:167)
at org.openqa.selenium.remote.service.DriverCommandExecutor.execute(DriverCommandExecutor.java:142)
at org.openqa.selenium.remote.RemoteWebDriver.execute(RemoteWebDriver.java:547)
at org.openqa.selenium.remote.RemoteWebElement.execute(RemoteWebElement.java:257)
at org.openqa.selenium.remote.RemoteWebElement.click(RemoteWebElement.java:78)
at java.base/jdk.internal.reflect.NativeMethodAccessorImpl.invoke0(Native Method)
at java.base/jdk.internal.reflect.NativeMethodAccessorImpl.invoke(NativeMethodAccessorImpl.java:77)
at java.base/jdk.internal.reflect.DelegatingMethodAccessorImpl.invoke(DelegatingMethodAccessorImpl.java:43)
at java.base/java.lang.reflect.Method.invoke(Method.java:568)
at org.openqa.selenium.support.pagefactory.internal.LocatingElementHandler.invoke(LocatingElementHandler.java:52)
at jdk.proxy2/jdk.proxy2.$Proxy15.click(Unknown Source)
at auto.Pom.mobiles(Pom.java:133)
at auto.Mobiles.setup(Mobiles.java:20)
at java.base/jdk.internal.reflect.NativeMethodAccessorImpl.invoke0(Native Method)
at java.base/jdk.internal.reflect.NativeMethodAccessorImpl.invoke(NativeMethodAccessorImpl.java:77)
at java.base/jdk.internal.reflect.DelegatingMethodAccessorImpl.invoke(DelegatingMethodAccessorImpl.java:43)
at java.base/java.lang.reflect.Method.invoke(Method.java:568)
at org.testng.internal.MethodInvocationHelper.invokeMethod(MethodInvocationHelper.java:133)
at org.testng.internal.TestInvoker.invokeMethod(TestInvoker.java:598)
at org.testng.internal.TestInvoker.invokeTestMethod(TestInvoker.java:173)
at org.testng.internal.MethodRunner.runInSequence(MethodRunner.java:46)
at org.testng.internal.TestInvoker$MethodInvocationAgent.invoke(TestInvoker.java:824)
at org.testng.internal.TestInvoker.invokeTestMethods(TestInvoker.java:146)
at org.testng.internal.TestMethodWorker.invokeTestMethods(TestMethodWorker.java:146)
at org.testng.internal.TestMethodWorker.run(TestMethodWorker.java:128)
at java.base/java.util.ArrayList.forEach(ArrayList.java:1511)
at org.testng.TestRunner.privateRun(TestRunner.java:794)
at org.testng.TestRunner.run(TestRunner.java:596)
at org.testng.SuiteRunner.runTest(SuiteRunner.java:377)
at org.testng.SuiteRunner.runSequentially(SuiteRunner.java:371)
at org.testng.SuiteRunner.privateRun(SuiteRunner.java:332)
at org.testng.SuiteRunner.run(SuiteRunner.java:276)
at org.testng.SuiteRunnerWorker.runSuite(SuiteRunnerWorker.java:53)
at org.testng.SuiteRunnerWorker.run(SuiteRunnerWorker.java:96)
at org.testng.TestNG.runSuitesSequentially(TestNG.java:1212)
at org.testng.TestNG.runSuitesLocally(TestNG.java:1134)
at org.testng.TestNG.runSuites(TestNG.java:1063)
at org.testng.TestNG.run(TestNG.java:1031)
at org.testng.remote.AbstractRemoteTestNG.run(AbstractRemoteTestNG.java:115)
at org.testng.remote.RemoteTestNG.initAndRun(RemoteTestNG.java:251)
at org.testng.remote.RemoteTestNG.main(RemoteTestNG.java:77)
]]>
            </full-stacktrace>
          </exception> <!-- org.openqa.selenium.ElementNotInteractableException -->
          <reporter-output>
          </reporter-output>
        </test-method> <!-- setup -->
      </class> <!-- auto.Mobiles -->
    </test> <!-- Test -->
  </suite> <!-- Suite -->
</testng-results>
